The system is: Linux - 5.4.0-52-generic - x86_64
Compiling the C compiler identification source file "CMakeCCompilerId.c" succeeded.
Compiler: /bin/gcc-9 
Build flags: 
Id flags:  

The output was:
0


Compilation of the C compiler identification source "CMakeCCompilerId.c" produced "a.out"

The C compiler identification is GNU, found in "/media/yazhenhan/5E2ECE1C2ECDECD9/Users/yazhe/Documents/ComputerGraphics/C--/build/CMakeFiles/3.16.3/CompilerIdC/a.out"

Compiling the CXX compiler identification source file "CMakeCXXCompilerId.cpp" succeeded.
Compiler: /bin/g++-9 
Build flags: 
Id flags:  

The output was:
0


Compilation of the CXX compiler identification source "CMakeCXXCompilerId.cpp" produced "a.out"

The CXX compiler identification is GNU, found in "/media/yazhenhan/5E2ECE1C2ECDECD9/Users/yazhe/Documents/ComputerGraphics/C--/build/CMakeFiles/3.16.3/CompilerIdCXX/a.out"

Determining if the C compiler works passed with the following output:
Change Dir: /media/yazhenhan/5E2ECE1C2ECDECD9/Users/yazhe/Documents/ComputerGraphics/C--/build/CMakeFiles/CMakeTmp

Run Build Command(s):/usr/bin/make cmTC_67312/fast && /usr/bin/make -f CMakeFiles/cmTC_67312.dir/build.make CMakeFiles/cmTC_67312.dir/build
make[1]: Entering directory '/media/yazhenhan/5E2ECE1C2ECDECD9/Users/yazhe/Documents/ComputerGraphics/C--/build/CMakeFiles/CMakeTmp'
Building C object CMakeFiles/cmTC_67312.dir/testCCompiler.c.o
/bin/gcc-9    -o CMakeFiles/cmTC_67312.dir/testCCompiler.c.o   -c /media/yazhenhan/5E2ECE1C2ECDECD9/Users/yazhe/Documents/ComputerGraphics/C--/build/CMakeFiles/CMakeTmp/testCCompiler.c
Linking C executable cmTC_67312
/usr/bin/cmake -E cmake_link_script CMakeFiles/cmTC_67312.dir/link.txt --verbose=1
/bin/gcc-9      -rdynamic CMakeFiles/cmTC_67312.dir/testCCompiler.c.o  -o cmTC_67312 
make[1]: Leaving directory '/media/yazhenhan/5E2ECE1C2ECDECD9/Users/yazhe/Documents/ComputerGraphics/C--/build/CMakeFiles/CMakeTmp'



Determining if the CXX compiler works passed with the following output:
Change Dir: /media/yazhenhan/5E2ECE1C2ECDECD9/Users/yazhe/Documents/ComputerGraphics/C--/build/CMakeFiles/CMakeTmp

Run Build Command(s):/usr/bin/make cmTC_a880f/fast && /usr/bin/make -f CMakeFiles/cmTC_a880f.dir/build.make CMakeFiles/cmTC_a880f.dir/build
make[1]: Entering directory '/media/yazhenhan/5E2ECE1C2ECDECD9/Users/yazhe/Documents/ComputerGraphics/C--/build/CMakeFiles/CMakeTmp'
Building CXX object CMakeFiles/cmTC_a880f.dir/testCXXCompiler.cxx.o
/bin/g++-9     -o CMakeFiles/cmTC_a880f.dir/testCXXCompiler.cxx.o -c /media/yazhenhan/5E2ECE1C2ECDECD9/Users/yazhe/Documents/ComputerGraphics/C--/build/CMakeFiles/CMakeTmp/testCXXCompiler.cxx
Linking CXX executable cmTC_a880f
/usr/bin/cmake -E cmake_link_script CMakeFiles/cmTC_a880f.dir/link.txt --verbose=1
/bin/g++-9       -rdynamic CMakeFiles/cmTC_a880f.dir/testCXXCompiler.cxx.o  -o cmTC_a880f 
make[1]: Leaving directory '/media/yazhenhan/5E2ECE1C2ECDECD9/Users/yazhe/Documents/ComputerGraphics/C--/build/CMakeFiles/CMakeTmp'



