The system is: Linux - 5.4.0-52-generic - x86_64
Compiling the C compiler identification source file "CMakeCCompilerId.c" succeeded.
Compiler: /usr/bin/cc 
Build flags: 
Id flags:  

The output was:
0


Compilation of the C compiler identification source "CMakeCCompilerId.c" produced "a.out"

The C compiler identification is GNU, found in "/media/yazhenhan/5E2ECE1C2ECDECD9/Users/yazhe/Documents/ComputerGraphics/C++/C--/CMake/build/CMakeFiles/3.16.3/CompilerIdC/a.out"

Compiling the CXX compiler identification source file "CMakeCXXCompilerId.cpp" succeeded.
Compiler: /usr/bin/c++ 
Build flags: 
Id flags:  

The output was:
0


Compilation of the CXX compiler identification source "CMakeCXXCompilerId.cpp" produced "a.out"

The CXX compiler identification is GNU, found in "/media/yazhenhan/5E2ECE1C2ECDECD9/Users/yazhe/Documents/ComputerGraphics/C++/C--/CMake/build/CMakeFiles/3.16.3/CompilerIdCXX/a.out"

Determining if the C compiler works passed with the following output:
Change Dir: /media/yazhenhan/5E2ECE1C2ECDECD9/Users/yazhe/Documents/ComputerGraphics/C++/C--/CMake/build/CMakeFiles/CMakeTmp

Run Build Command(s):/usr/bin/make cmTC_04a24/fast && /usr/bin/make -f CMakeFiles/cmTC_04a24.dir/build.make CMakeFiles/cmTC_04a24.dir/build
make[1]: Entering directory '/media/yazhenhan/5E2ECE1C2ECDECD9/Users/yazhe/Documents/ComputerGraphics/C++/C--/CMake/build/CMakeFiles/CMakeTmp'
Building C object CMakeFiles/cmTC_04a24.dir/testCCompiler.c.o
/usr/bin/cc    -o CMakeFiles/cmTC_04a24.dir/testCCompiler.c.o   -c /media/yazhenhan/5E2ECE1C2ECDECD9/Users/yazhe/Documents/ComputerGraphics/C++/C--/CMake/build/CMakeFiles/CMakeTmp/testCCompiler.c
Linking C executable cmTC_04a24
/usr/bin/cmake -E cmake_link_script CMakeFiles/cmTC_04a24.dir/link.txt --verbose=1
/usr/bin/cc      CMakeFiles/cmTC_04a24.dir/testCCompiler.c.o  -o cmTC_04a24 
make[1]: Leaving directory '/media/yazhenhan/5E2ECE1C2ECDECD9/Users/yazhe/Documents/ComputerGraphics/C++/C--/CMake/build/CMakeFiles/CMakeTmp'



Determining if the CXX compiler works passed with the following output:
Change Dir: /media/yazhenhan/5E2ECE1C2ECDECD9/Users/yazhe/Documents/ComputerGraphics/C++/C--/CMake/build/CMakeFiles/CMakeTmp

Run Build Command(s):/usr/bin/make cmTC_e54ee/fast && /usr/bin/make -f CMakeFiles/cmTC_e54ee.dir/build.make CMakeFiles/cmTC_e54ee.dir/build
make[1]: Entering directory '/media/yazhenhan/5E2ECE1C2ECDECD9/Users/yazhe/Documents/ComputerGraphics/C++/C--/CMake/build/CMakeFiles/CMakeTmp'
Building CXX object CMakeFiles/cmTC_e54ee.dir/testCXXCompiler.cxx.o
/usr/bin/c++     -o CMakeFiles/cmTC_e54ee.dir/testCXXCompiler.cxx.o -c /media/yazhenhan/5E2ECE1C2ECDECD9/Users/yazhe/Documents/ComputerGraphics/C++/C--/CMake/build/CMakeFiles/CMakeTmp/testCXXCompiler.cxx
Linking CXX executable cmTC_e54ee
/usr/bin/cmake -E cmake_link_script CMakeFiles/cmTC_e54ee.dir/link.txt --verbose=1
/usr/bin/c++       CMakeFiles/cmTC_e54ee.dir/testCXXCompiler.cxx.o  -o cmTC_e54ee 
make[1]: Leaving directory '/media/yazhenhan/5E2ECE1C2ECDECD9/Users/yazhe/Documents/ComputerGraphics/C++/C--/CMake/build/CMakeFiles/CMakeTmp'



